<?xml version="1.0" encoding="utf-8"?><testsuites name="pytest tests"><testsuite name="pytest" errors="0" failures="0" skipped="0" tests="18" time="4.430" timestamp="2026-04-21T15:01:38.546661+00:00" hostname="agent-env-1e73f09c-e90a-4393-8979-0d6e34ac9c11"><testcase classname="backend.tests.test_crypto_api.TestHealthAndGlobalStats" name="test_api_root" time="0.171" /><testcase classname="backend.tests.test_crypto_api.TestHealthAndGlobalStats" name="test_global_stats" time="0.250" /><testcase classname="backend.tests.test_crypto_api.TestHealthAndGlobalStats" name="test_fear_greed_index" time="0.113" /><testcase classname="backend.tests.test_crypto_api.TestTrendingCryptos" name="test_trending_cryptos" time="0.147" /><testcase classname="backend.tests.test_crypto_api.TestPortfolioCRUD" name="test_create_portfolio_item" time="0.426" /><testcase classname="backend.tests.test_crypto_api.TestPortfolioCRUD" name="test_get_portfolio" time="0.161" /><testcase classname="backend.tests.test_crypto_api.TestPortfolioCRUD" name="test_delete_portfolio_item" time="0.440" /><testcase classname="backend.tests.test_crypto_api.TestPortfolioCRUD" name="test_delete_nonexistent_portfolio_item" time="0.110" /><testcase classname="backend.tests.test_crypto_api.TestAlertsCRUD" name="test_create_price_alert" time="0.416" /><testcase classname="backend.tests.test_crypto_api.TestAlertsCRUD" name="test_create_alert_below_condition" time="0.341" /><testcase classname="backend.tests.test_crypto_api.TestAlertsCRUD" name="test_get_alerts" time="0.169" /><testcase classname="backend.tests.test_crypto_api.TestAlertsCRUD" name="test_delete_alert" time="0.376" /><testcase classname="backend.tests.test_crypto_api.TestAlertsCRUD" name="test_delete_nonexistent_alert" time="0.193" /><testcase classname="backend.tests.test_crypto_api.TestCryptoMarkets" name="test_markets_endpoint_structure" time="0.289" /><testcase classname="backend.tests.test_crypto_api.TestConverter" name="test_convert_endpoint" time="0.208" /><testcase classname="backend.tests.test_crypto_api.TestChartEndpoint" name="test_chart_endpoint" time="0.197" /><testcase classname="backend.tests.test_crypto_api.TestPortfolioExport" name="test_export_csv" time="0.136" /><testcase classname="backend.tests.test_crypto_api.TestPortfolioExport" name="test_export_pdf" time="0.190" /></testsuite></testsuites>