<?xml version="1.0" encoding="utf-8"?><testsuites name="pytest tests"><testsuite name="pytest" errors="0" failures="1" skipped="3" tests="16" time="3.987" timestamp="2026-04-01T22:49:11.780311+00:00" hostname="agent-env-1e73f09c-e90a-4393-8979-0d6e34ac9c11"><testcase classname="backend.tests.test_crypto_api.TestHealthAndGlobalStats" name="test_api_root" time="0.264" /><testcase classname="backend.tests.test_crypto_api.TestHealthAndGlobalStats" name="test_global_stats" time="0.229"><failure message="assert 500 == 200&#10; +  where 500 = &lt;Response [500]&gt;.status_code">backend/tests/test_crypto_api.py:26: in test_global_stats
    assert response.status_code == 200
E   assert 500 == 200
E    +  where 500 = &lt;Response [500]&gt;.status_code</failure></testcase><testcase classname="backend.tests.test_crypto_api.TestHealthAndGlobalStats" name="test_fear_greed_index" time="0.274" /><testcase classname="backend.tests.test_crypto_api.TestTrendingCryptos" name="test_trending_cryptos" time="0.212" /><testcase classname="backend.tests.test_crypto_api.TestPortfolioCRUD" name="test_create_portfolio_item" time="0.598" /><testcase classname="backend.tests.test_crypto_api.TestPortfolioCRUD" name="test_get_portfolio" time="0.101" /><testcase classname="backend.tests.test_crypto_api.TestPortfolioCRUD" name="test_delete_portfolio_item" time="0.355" /><testcase classname="backend.tests.test_crypto_api.TestPortfolioCRUD" name="test_delete_nonexistent_portfolio_item" time="0.099" /><testcase classname="backend.tests.test_crypto_api.TestAlertsCRUD" name="test_create_price_alert" time="0.323" /><testcase classname="backend.tests.test_crypto_api.TestAlertsCRUD" name="test_create_alert_below_condition" time="0.225" /><testcase classname="backend.tests.test_crypto_api.TestAlertsCRUD" name="test_get_alerts" time="0.163" /><testcase classname="backend.tests.test_crypto_api.TestAlertsCRUD" name="test_delete_alert" time="0.322" /><testcase classname="backend.tests.test_crypto_api.TestAlertsCRUD" name="test_delete_nonexistent_alert" time="0.132" /><testcase classname="backend.tests.test_crypto_api.TestCryptoMarkets" name="test_markets_endpoint_structure" time="0.242"><skipped type="pytest.skip" message="CoinGecko rate limited">/app/backend/tests/test_crypto_api.py:291: CoinGecko rate limited</skipped></testcase><testcase classname="backend.tests.test_crypto_api.TestConverter" name="test_convert_endpoint" time="0.177"><skipped type="pytest.skip" message="CoinGecko rate limited">/app/backend/tests/test_crypto_api.py:321: CoinGecko rate limited</skipped></testcase><testcase classname="backend.tests.test_crypto_api.TestChartEndpoint" name="test_chart_endpoint" time="0.170"><skipped type="pytest.skip" message="CoinGecko rate limited">/app/backend/tests/test_crypto_api.py:349: CoinGecko rate limited</skipped></testcase></testsuite></testsuites>